FitFood_NoAds/myapp/build/app/outputs/mapping/release/mapping.txt
# compiler: R8
# compiler_version: 1.5.64
# min_api: 21
# pg_map_id: f1e5ee1
com.tomtruyen.fitfood_no_ads.MainActivity -> com.tomtruyen.fitfood_no_ads.MainActivity:
    void configureFlutterEngine(io.flutter.embedding.engine.FlutterEngine) -> b
...
com.google.android.gms.internal.measurement.zzmo -> b.a.b.a.d.d.yb:
    com.google.android.gms.internal.measurement.zzdc zza -> a
    boolean zza() -> a
com.google.android.gms.internal.measurement.zzmp -> b.a.b.a.d.d.zb:
    com.google.android.gms.internal.measurement.zzdc zza -> a
    boolean zza() -> a
    boolean zzb() -> b
com.google.android.gms.internal.measurement.zzmq -> b.a.b.a.d.d.ac:
    boolean zza() -> a
    boolean zzb() -> b
com.google.android.gms.internal.measurement.zzmr -> b.a.b.a.d.d.bc:
    boolean zza() -> a
    boolean zzb() -> b
    boolean zzc() -> c
    boolean zzd() -> e
com.google.android.gms.internal.measurement.zzms -> b.a.b.a.d.d.cc:
    com.google.android.gms.internal.measurement.zzms zza -> b
    com.google.android.gms.internal.measurement.zzeb zzb -> a
    java.lang.Object zza() -> a
    boolean zzb() -> b
    boolean zzc() -> c
    boolean zzd() -> d
    boolean zze() -> e
com.google.android.gms.internal.measurement.zzmt -> b.a.b.a.d.d.dc:
    com.google.android.gms.internal.measurement.zzeb zzb -> a
    com.google.android.gms.internal.measurement.zzmt zza -> b
    java.lang.Object zza() -> a
    boolean zzb() -> b
    boolean zzc() -> c
com.google.android.gms.internal.measurement.zzmu -> b.a.b.a.d.d.ec:
    com.google.android.gms.internal.measurement.zzdc zzc -> b
    com.google.android.gms.internal.measurement.zzdc zzb -> a
    com.google.android.gms.internal.measurement.zzdc zzd -> c
    boolean zza() -> a
    boolean zzb() -> b
    boolean zzc() -> c
    boolean zzd() -> e
com.google.android.gms.internal.measurement.zzmv -> b.a.b.a.d.d.fc:
    com.google.android.gms.internal.measurement.zzdc zza -> a
    boolean zza() -> a
    boolean zzb() -> b
com.google.android.gms.internal.measurement.zzmw -> b.a.b.a.d.d.gc:
    boolean zza() -> a
    boolean zzb() -> b
com.google.android.gms.internal.measurement.zzmx -> b.a.b.a.d.d.hc:
    boolean zza() -> a
    boolean zzb() -> b
com.google.android.gms.internal.measurement.zzmy -> b.a.b.a.d.d.ic:
    com.google.android.gms.internal.measurement.zzeb zzb -> a
    com.google.android.gms.internal.measurement.zzmy zza -> b
    java.lang.Object zza() -> a
    boolean zzb() -> b
    boolean zzc() -> c
com.google.android.gms.internal.measurement.zzmz -> b.a.b.a.d.d.jc:
    com.google.android.gms.internal.measurement.zzmz zza -> b
    com.google.android.gms.internal.measurement.zzeb zzb -> a
    java.lang.Object zza() -> a
    boolean zzb() -> b
    boolean zzc() -> c
com.google.android.gms.internal.measurement.zzn -> b.a.b.a.d.d.kc:
    java.lang.Runnable zza(java.lang.Runnable) -> a
    java.util.concurrent.Callable zza(java.util.concurrent.Callable) -> a
com.google.android.gms.internal.measurement.zzna -> b.a.b.a.d.d.lc:
    com.google.android.gms.internal.measurement.zzdc zza -> a
    boolean zza() -> a
    boolean zzb() -> b
com.google.android.gms.internal.measurement.zznb -> b.a.b.a.d.d.mc:
    com.google.android.gms.internal.measurement.zzdc zza -> a
    boolean zza() -> a
    boolean zzb() -> b
com.google.android.gms.internal.measurement.zznc -> b.a.b.a.d.d.nc:
    boolean zza() -> a
    boolean zzb() -> b
com.google.android.gms.internal.measurement.zznd -> b.a.b.a.d.d.oc:
    boolean zza() -> a
    boolean zzb() -> b
com.google.android.gms.internal.measurement.zzne -> b.a.b.a.d.d.pc:
    com.google.android.gms.internal.measurement.zzeb zzb -> a
    com.google.android.gms.internal.measurement.zzne zza -> b
    java.lang.Object zza() -> a
    boolean zzb() -> b
    boolean zzc() -> c
com.google.android.gms.internal.measurement.zznf -> b.a.b.a.d.d.qc:
    com.google.android.gms.internal.measurement.zzeb zzb -> a
    com.google.android.gms.internal.measurement.zznf zza -> b
    java.lang.Object zza() -> a
    boolean zzb() -> b
    boolean zzc() -> c
com.google.android.gms.internal.measurement.zzng -> b.a.b.a.d.d.rc:
    com.google.android.gms.internal.measurement.zzdc zza -> a
    boolean zza() -> a
    boolean zzb() -> b